<?xml version="1.0" encoding="UTF-8" ?>
<testsuite tests="1" failures="0" name="autotesting.RunCucumberTest" time="0.3" errors="1" skipped="0">
  <properties>
[...]
</properties>
  <testcase classname="Test Login" name="Create Account Page" time="0.3">
    <error message="The path to the driver executable must be set by the webdriver.gecko.driver system property; for more information, see https://github.com/mozilla/geckodriver. The latest version can be downloaded from https://github.com/mozilla/geckodriver/releases" type="java.lang.IllegalStateException">java.lang.IllegalStateException: The path to the driver executable must be set by the webdriver.gecko.driver system property; for more information, see https://github.com/mozilla/geckodriver. The latest version can be downloaded from https://github.com/mozilla/geckodriver/releases
	at com.google.common.base.Preconditions.checkState(Preconditions.java:847)
	at org.openqa.selenium.remote.service.DriverService.findExecutable(DriverService.java:125)
	at org.openqa.selenium.firefox.GeckoDriverService.access$100(GeckoDriverService.java:43)
	at org.openqa.selenium.firefox.GeckoDriverService$Builder.findDefaultExecutable(GeckoDriverService.java:166)
	at org.openqa.selenium.remote.service.DriverService$Builder.build(DriverService.java:346)
	at org.openqa.selenium.firefox.FirefoxDriver.toExecutor(FirefoxDriver.java:168)
	at org.openqa.selenium.firefox.FirefoxDriver.&lt;init&gt;(FirefoxDriver.java:125)
	at org.openqa.selenium.firefox.FirefoxDriver.&lt;init&gt;(FirefoxDriver.java:103)
	at autotesting.Stepdefs.navigate_to(Stepdefs.java:21)
	at ✽.navigate to &quot;https://login.salesforce.com&quot;(autotesting/login.feature:4)
</error>
    <system-out>Feature: Test Login

  Scenario: Create Account Page                                                   &amp;#27;[90m# autotesting/login.feature:3&amp;#27;[0m
    &amp;#27;[31mGiven &amp;#27;[0m&amp;#27;[31mnavigate to &quot;&amp;#27;[0m&amp;#27;[31m&amp;#27;[1mhttps://login.salesforce.com&amp;#27;[0m&amp;#27;[31m&quot;&amp;#27;[0m                              &amp;#27;[90m# Stepdefs.navigate_to(String)&amp;#27;[0m
      &amp;#27;[31mjava.lang.IllegalStateException: The path to the driver executable must be set by the webdriver.gecko.driver system property; for more information, see https://github.com/mozilla/geckodriver. The latest version can be downloaded from https://github.com/mozilla/geckodriver/releases
	at com.google.common.base.Preconditions.checkState(Preconditions.java:847)
	at org.openqa.selenium.remote.service.DriverService.findExecutable(DriverService.java:125)
	at org.openqa.selenium.firefox.GeckoDriverService.access$100(GeckoDriverService.java:43)
	at org.openqa.selenium.firefox.GeckoDriverService$Builder.findDefaultExecutable(GeckoDriverService.java:166)
	at org.openqa.selenium.remote.service.DriverService$Builder.build(DriverService.java:346)
	at org.openqa.selenium.firefox.FirefoxDriver.toExecutor(FirefoxDriver.java:168)
	at org.openqa.selenium.firefox.FirefoxDriver.&lt;init&gt;(FirefoxDriver.java:125)
	at org.openqa.selenium.firefox.FirefoxDriver.&lt;init&gt;(FirefoxDriver.java:103)
	at autotesting.Stepdefs.navigate_to(Stepdefs.java:21)
	at ?.navigate to &quot;https://login.salesforce.com&quot;(autotesting/login.feature:4)
&amp;#27;[0m
    &amp;#27;[36mGiven &amp;#27;[0m&amp;#27;[36musername &quot;&amp;#27;[0m&amp;#27;[36m&amp;#27;[1mPUR YOUR USERNAME HERE&amp;#27;[0m&amp;#27;[36m&quot; and password &quot;&amp;#27;[0m&amp;#27;[36m&amp;#27;[1mPUT YOUR PASSWORD HERE&amp;#27;[0m&amp;#27;[36m&quot;&amp;#27;[0m &amp;#27;[90m# Stepdefs.username_and_password(String,String)&amp;#27;[0m
    &amp;#27;[36mThen &amp;#27;[0m&amp;#27;[36mselect &quot;&amp;#27;[0m&amp;#27;[36m&amp;#27;[1m/001/o&amp;#27;[0m&amp;#27;[36m&quot;&amp;#27;[0m                                                          &amp;#27;[90m# Stepdefs.select(String)&amp;#27;[0m
    &amp;#27;[36mThen &amp;#27;[0m&amp;#27;[36mresponse should contain &quot;&amp;#27;[0m&amp;#27;[36m&amp;#27;[1mTemp User&amp;#27;[0m&amp;#27;[36m&quot;&amp;#27;[0m                                      &amp;#27;[90m# Stepdefs.response_should_contain(String)&amp;#27;[0m
</system-out>
  </testcase>
</testsuite>